2021-09-29 18:34:13 INFO  FileReaderAndWriter:15 - Introduce el directorio del archivo...
2021-09-29 18:34:58 INFO  FileReaderAndWriter:22 - Introduce el texto que quiere buscar...
2021-09-29 18:35:08 INFO  FileReaderAndWriter:15 - Introduce el directorio del archivo...
2021-09-29 23:22:29 INFO  FileReaderAndWriter:15 - Introduce el directorio del archivo...
2021-09-29 23:25:56 INFO  FileReaderAndWriter:22 - Introduce el texto que quiere buscar...
2021-09-29 23:26:09 INFO  FileReaderAndWriter:15 - Introduce el directorio del archivo...
2021-09-29 23:27:49 INFO  FileReaderAndWriter:15 - Introduce el directorio del archivo...
2021-09-29 23:28:22 INFO  FileReaderAndWriter:22 - Introduce el texto que quiere buscar...
2021-09-29 23:28:28 INFO  FileReaderAndWriter:15 - Introduce el directorio del archivo...
2021-09-29 23:40:13 INFO  FileReaderAndWriter:15 - Introduce el directorio del archivo...
2021-09-29 23:42:46 INFO  FileReaderAndWriter:22 - Introduce el texto que quiere buscar...
2021-09-29 23:42:55 INFO  FileReaderAndWriter:15 - Introduce el directorio del archivo...
2021-09-29 23:44:01 INFO  FileReaderAndWriter:15 - Introduce el directorio del archivo...
2021-09-29 23:44:21 INFO  FileReaderAndWriter:22 - Introduce el texto que quiere buscar...
2021-09-29 23:44:25 INFO  FileReaderAndWriter:15 - Introduce el directorio del archivo...
2021-09-29 23:46:00 INFO  FileReaderAndWriter:15 - Introduce el directorio del archivo...
2021-09-29 23:46:23 INFO  FileReaderAndWriter:22 - Introduce el texto que quiere buscar...
2021-09-29 23:46:27 INFO  FileReaderAndWriter:15 - Introduce el directorio del archivo...
2021-09-30 11:58:26 INFO  Main:17 - Introduce un numero
2021-09-30 11:58:52 INFO  Main:17 - Introduce un numero
2021-09-30 12:04:33 INFO  CreateNumberFile:18 - Introduce un número...
2021-09-30 12:04:52 INFO  CreateNumberFile:18 - Introduce un número...
2021-09-30 12:05:03 INFO  CreateNumberFile:18 - Introduce un número...
2021-09-30 15:55:30 INFO  CreateNumberFile:18 - Introduce un número...
2021-09-30 16:42:26 INFO  FileUtils:15 - Introduce el directorio del archivo...
2021-09-30 16:42:53 INFO  FileUtils:15 - Introduce el directorio del archivo...
2021-09-30 16:44:43 INFO  FileUtils:15 - Introduce el directorio del archivo...
2021-09-30 16:44:54 INFO  FileUtils:15 - Introduce el directorio del archivo...
2021-09-30 23:10:57 INFO  FileUtils:15 - Introduce el directorio del archivo...
2021-09-30 23:12:31 INFO  FileUtils:15 - Introduce el directorio del archivo...
2021-09-30 23:15:26 INFO  FileUtils:15 - Introduce el directorio del archivo...
2021-09-30 23:15:50 INFO  FileUtils:15 - Introduce el directorio del archivo...
